<?xml version="1.0" encoding="UTF-8"?>
<testsuite name="study.data_jpa.DataJpaApplicationTests" tests="1" skipped="0" failures="0" errors="0" timestamp="2025-01-07T13:05:53" hostname="hongseongjuui-MacBookAir.local" time="0.346">
  <properties/>
  <testcase name="contextLoads()" classname="study.data_jpa.DataJpaApplicationTests" time="0.346"/>
  <system-out><![CDATA[22:05:52.074 [Test worker] INFO org.springframework.test.context.support.AnnotationConfigContextLoaderUtils -- Could not detect default configuration classes for test class [study.data_jpa.DataJpaApplicationTests]: DataJpaApplicationTests does not declare any static, non-private, non-final, nested classes annotated with @Configuration.
22:05:52.112 [Test worker] INFO org.springframework.boot.test.context.SpringBootTestContextBootstrapper -- Found @SpringBootConfiguration study.data_jpa.DataJpaApplication for test class study.data_jpa.DataJpaApplicationTests

  .   ____          _            __ _ _
 /\\ / ___'_ __ _ _(_)_ __  __ _ \ \ \ \
( ( )\___ | '_ | '_| | '_ \/ _` | \ \ \ \
 \\/  ___)| |_)| | | | | || (_| |  ) ) ) )
  '  |____| .__|_| |_|_| |_\__, | / / / /
 =========|_|==============|___/=/_/_/_/

 :: Spring Boot ::                (v3.4.1)

2025-01-07T22:05:52.253+09:00  INFO 27293 --- [data-jpa] [    Test worker] study.data_jpa.DataJpaApplicationTests   : Starting DataJpaApplicationTests using Java 21.0.5 with PID 27293 (started by hszoo in /Users/hszoo/Dev/JPA-study/Spring-Data-JPA)
2025-01-07T22:05:52.253+09:00  INFO 27293 --- [data-jpa] [    Test worker] study.data_jpa.DataJpaApplicationTests   : No active profile set, falling back to 1 default profile: "default"
2025-01-07T22:05:52.466+09:00  INFO 27293 --- [data-jpa] [    Test worker] .s.d.r.c.RepositoryConfigurationDelegate : Bootstrapping Spring Data JPA repositories in DEFAULT mode.
2025-01-07T22:05:52.474+09:00  INFO 27293 --- [data-jpa] [    Test worker] .s.d.r.c.RepositoryConfigurationDelegate : Finished Spring Data repository scanning in 4 ms. Found 0 JPA repository interfaces.
2025-01-07T22:05:52.606+09:00  INFO 27293 --- [data-jpa] [    Test worker] com.zaxxer.hikari.HikariDataSource       : HikariPool-1 - Starting...
2025-01-07T22:05:52.678+09:00  INFO 27293 --- [data-jpa] [    Test worker] com.zaxxer.hikari.pool.HikariPool        : HikariPool-1 - Added connection conn0: url=jdbc:h2:mem:47c7c5bf-0fe4-4c6b-8c5d-f65b8a3ae990 user=SA
2025-01-07T22:05:52.679+09:00  INFO 27293 --- [data-jpa] [    Test worker] com.zaxxer.hikari.HikariDataSource       : HikariPool-1 - Start completed.
2025-01-07T22:05:52.711+09:00  INFO 27293 --- [data-jpa] [    Test worker] o.hibernate.jpa.internal.util.LogHelper  : HHH000204: Processing PersistenceUnitInfo [name: default]
2025-01-07T22:05:52.730+09:00  INFO 27293 --- [data-jpa] [    Test worker] org.hibernate.Version                    : HHH000412: Hibernate ORM core version 6.6.4.Final
2025-01-07T22:05:52.744+09:00  INFO 27293 --- [data-jpa] [    Test worker] o.h.c.internal.RegionFactoryInitiator    : HHH000026: Second-level cache disabled
2025-01-07T22:05:52.840+09:00  INFO 27293 --- [data-jpa] [    Test worker] o.s.o.j.p.SpringPersistenceUnitInfo      : No LoadTimeWeaver setup: ignoring JPA class transformer
2025-01-07T22:05:52.869+09:00  INFO 27293 --- [data-jpa] [    Test worker] org.hibernate.orm.connections.pooling    : HHH10001005: Database info:
	Database JDBC URL [Connecting through datasource 'HikariDataSource (HikariPool-1)']
	Database driver: undefined/unknown
	Database version: 2.3.232
	Autocommit mode: undefined/unknown
	Isolation level: undefined/unknown
	Minimum pool size: undefined/unknown
	Maximum pool size: undefined/unknown
2025-01-07T22:05:52.991+09:00  INFO 27293 --- [data-jpa] [    Test worker] o.h.e.t.j.p.i.JtaPlatformInitiator       : HHH000489: No JTA platform available (set 'hibernate.transaction.jta.platform' to enable JTA platform integration)
2025-01-07T22:05:52.993+09:00  INFO 27293 --- [data-jpa] [    Test worker] j.LocalContainerEntityManagerFactoryBean : Initialized JPA EntityManagerFactory for persistence unit 'default'
2025-01-07T22:05:53.053+09:00  WARN 27293 --- [data-jpa] [    Test worker] JpaBaseConfiguration$JpaWebConfiguration : spring.jpa.open-in-view is enabled by default. Therefore, database queries may be performed during view rendering. Explicitly configure spring.jpa.open-in-view to disable this warning
2025-01-07T22:05:53.210+09:00  INFO 27293 --- [data-jpa] [    Test worker] study.data_jpa.DataJpaApplicationTests   : Started DataJpaApplicationTests in 1.044 seconds (process running for 1.461)
]]></system-out>
  <system-err><![CDATA[Mockito is currently self-attaching to enable the inline-mock-maker. This will no longer work in future releases of the JDK. Please add Mockito as an agent to your build what is described in Mockito's documentation: https://javadoc.io/doc/org.mockito/mockito-core/latest/org/mockito/Mockito.html#0.3
WARNING: A Java agent has been loaded dynamically (/Users/hszoo/.gradle/caches/modules-2/files-2.1/net.bytebuddy/byte-buddy-agent/1.15.11/a38b16385e867f59a641330f0362ebe742788ed8/byte-buddy-agent-1.15.11.jar)
WARNING: If a serviceability tool is in use, please run with -XX:+EnableDynamicAgentLoading to hide this warning
WARNING: If a serviceability tool is not in use, please run with -Djdk.instrument.traceUsage for more information
WARNING: Dynamic loading of agents will be disallowed by default in a future release
]]></system-err>
</testsuite>
